13:53:44.645  INFO  manager.ApplicationManager - All tests star in Chrome Browser
13:53:45.997  INFO  manager.ApplicationManager - Current Url -->https://telranedu.web.app/home
13:53:46.003  INFO  manager.ListenerTNG - onStart---->Gradle test
13:53:46.030  INFO  tests.TestBase - The name of starts method is --->loginSuccess
13:53:46.032  INFO  manager.ListenerWD - Before find elements  --> By.xpath: //*[text()='Sign Out']
13:53:51.085  INFO  manager.ListenerWD - After find elements  --> By.xpath: //*[text()='Sign Out']
13:53:51.085  INFO  manager.ListenerWD - List size is  --> 0
13:53:51.085  INFO  manager.ListenerTNG - onTestStart---->loginSuccess
13:53:51.101  INFO  tests.TestBase - Login with valid data: email: teddy1@gmail.com& password: Teddy1206$
13:53:51.101  INFO  manager.ListenerWD - Before find element  --> By.cssSelector: a[href='/l']
13:53:56.162  INFO  manager.ListenerWD - Tests have a 'problem'
13:53:56.162  INFO  manager.ListenerWD - -------------------------------------------------
13:53:56.162  INFO  manager.ListenerWD - Method methodfindElement
13:53:56.162  INFO  manager.ListenerWD - -------------------------------------------------
13:53:56.178  INFO  manager.ListenerWD - InvocationTargetException getTargetExceptionorg.openqa.selenium.NoSuchElementException: no such element: Unable to locate element: {"method":"css selector","selector":"a[href='/l']"}
  (Session info: chrome=109.0.5414.120)
For documentation on this error, please visit: https://selenium.dev/exceptions/#no_such_element
Build info: version: '4.7.1', revision: 'c6795baf1a3'
System info: os.name: 'Windows 11', os.arch: 'amd64', os.version: '10.0', java.version: '11.0.17'
Driver info: org.openqa.selenium.chrome.ChromeDriver
Command: [d89e532d25942cd3248ef37e5cde178f, findElement {using=css selector, value=a[href='/l']}]
Capabilities {acceptInsecureCerts: false, browserName: chrome, browserVersion: 109.0.5414.120, chrome: {chromedriverVersion: 109.0.5414.74 (e7c5703604da..., userDataDir: C:\Users\shulg\AppData\Loca...}, goog:chromeOptions: {debuggerAddress: localhost:54136}, networkConnectionEnabled: false, pageLoadStrategy: normal, platformName: WINDOWS, proxy: Proxy(), se:cdp: ws://localhost:54136/devtoo..., se:cdpVersion: 109.0.5414.120, setWindowRect: true, strictFileInteractability: false, timeouts: {implicit: 0, pageLoad: 300000, script: 30000}, unhandledPromptBehavior: dismiss and notify, webauthn:extension:credBlob: true, webauthn:extension:largeBlob: true, webauthn:virtualAuthenticators: true}
Session ID: d89e532d25942cd3248ef37e5cde178f
13:53:56.178  INFO  manager.ListenerWD - -------------------------------------------------
13:53:56.178  INFO  manager.ListenerWD - Object targetChromeDriver: chrome on WINDOWS (d89e532d25942cd3248ef37e5cde178f)
13:53:56.178  INFO  manager.ListenerWD - -------------------------------------------------
13:53:56.178  INFO  manager.ListenerWD - Screen with error is----->src/test/screenshots/screen-1206.png
13:53:56.546  INFO  manager.ListenerTNG - onTestFailure---->loginSuccess
13:53:56.553  INFO  tests.TestBase - The name of starts method is --->loginSuccess
13:53:56.553  INFO  manager.ListenerWD - Before find elements  --> By.xpath: //*[text()='Sign Out']
13:54:01.570  INFO  manager.ListenerWD - After find elements  --> By.xpath: //*[text()='Sign Out']
13:54:01.571  INFO  manager.ListenerWD - List size is  --> 0
13:54:01.571  INFO  manager.ListenerTNG - onTestStart---->loginSuccess
13:54:01.571  INFO  tests.TestBase - Login with valid data: email: sony@gmail.com& password: Ss12345$
13:54:01.571  INFO  manager.ListenerWD - Before find element  --> By.cssSelector: a[href='/l']
13:54:06.617  INFO  manager.ListenerWD - Tests have a 'problem'
13:54:06.617  INFO  manager.ListenerWD - -------------------------------------------------
13:54:06.617  INFO  manager.ListenerWD - Method methodfindElement
13:54:06.617  INFO  manager.ListenerWD - -------------------------------------------------
13:54:06.617  INFO  manager.ListenerWD - InvocationTargetException getTargetExceptionorg.openqa.selenium.NoSuchElementException: no such element: Unable to locate element: {"method":"css selector","selector":"a[href='/l']"}
  (Session info: chrome=109.0.5414.120)
For documentation on this error, please visit: https://selenium.dev/exceptions/#no_such_element
Build info: version: '4.7.1', revision: 'c6795baf1a3'
System info: os.name: 'Windows 11', os.arch: 'amd64', os.version: '10.0', java.version: '11.0.17'
Driver info: org.openqa.selenium.chrome.ChromeDriver
Command: [d89e532d25942cd3248ef37e5cde178f, findElement {using=css selector, value=a[href='/l']}]
Capabilities {acceptInsecureCerts: false, browserName: chrome, browserVersion: 109.0.5414.120, chrome: {chromedriverVersion: 109.0.5414.74 (e7c5703604da..., userDataDir: C:\Users\shulg\AppData\Loca...}, goog:chromeOptions: {debuggerAddress: localhost:54136}, networkConnectionEnabled: false, pageLoadStrategy: normal, platformName: WINDOWS, proxy: Proxy(), se:cdp: ws://localhost:54136/devtoo..., se:cdpVersion: 109.0.5414.120, setWindowRect: true, strictFileInteractability: false, timeouts: {implicit: 0, pageLoad: 300000, script: 30000}, unhandledPromptBehavior: dismiss and notify, webauthn:extension:credBlob: true, webauthn:extension:largeBlob: true, webauthn:virtualAuthenticators: true}
Session ID: d89e532d25942cd3248ef37e5cde178f
13:54:06.618  INFO  manager.ListenerWD - -------------------------------------------------
13:54:06.618  INFO  manager.ListenerWD - Object targetChromeDriver: chrome on WINDOWS (d89e532d25942cd3248ef37e5cde178f)
13:54:06.618  INFO  manager.ListenerWD - -------------------------------------------------
13:54:06.618  INFO  manager.ListenerWD - Screen with error is----->src/test/screenshots/screen-1417.png
13:54:07.064  INFO  manager.ListenerTNG - onTestFailure---->loginSuccess
13:54:07.065  INFO  tests.TestBase - The name of starts method is --->loginSuccess
13:54:07.065  INFO  manager.ListenerWD - Before find elements  --> By.xpath: //*[text()='Sign Out']
13:54:12.111  INFO  manager.ListenerWD - After find elements  --> By.xpath: //*[text()='Sign Out']
13:54:12.111  INFO  manager.ListenerWD - List size is  --> 0
13:54:12.112  INFO  manager.ListenerTNG - onTestStart---->loginSuccess
13:54:12.112  INFO  tests.TestBase - Login with valid data: email: noa@gmail.com& password: Nnoa12345$
13:54:12.112  INFO  manager.ListenerWD - Before find element  --> By.cssSelector: a[href='/l']
13:54:17.155  INFO  manager.ListenerWD - Tests have a 'problem'
13:54:17.156  INFO  manager.ListenerWD - -------------------------------------------------
13:54:17.156  INFO  manager.ListenerWD - Method methodfindElement
13:54:17.156  INFO  manager.ListenerWD - -------------------------------------------------
13:54:17.156  INFO  manager.ListenerWD - InvocationTargetException getTargetExceptionorg.openqa.selenium.NoSuchElementException: no such element: Unable to locate element: {"method":"css selector","selector":"a[href='/l']"}
  (Session info: chrome=109.0.5414.120)
For documentation on this error, please visit: https://selenium.dev/exceptions/#no_such_element
Build info: version: '4.7.1', revision: 'c6795baf1a3'
System info: os.name: 'Windows 11', os.arch: 'amd64', os.version: '10.0', java.version: '11.0.17'
Driver info: org.openqa.selenium.chrome.ChromeDriver
Command: [d89e532d25942cd3248ef37e5cde178f, findElement {using=css selector, value=a[href='/l']}]
Capabilities {acceptInsecureCerts: false, browserName: chrome, browserVersion: 109.0.5414.120, chrome: {chromedriverVersion: 109.0.5414.74 (e7c5703604da..., userDataDir: C:\Users\shulg\AppData\Loca...}, goog:chromeOptions: {debuggerAddress: localhost:54136}, networkConnectionEnabled: false, pageLoadStrategy: normal, platformName: WINDOWS, proxy: Proxy(), se:cdp: ws://localhost:54136/devtoo..., se:cdpVersion: 109.0.5414.120, setWindowRect: true, strictFileInteractability: false, timeouts: {implicit: 0, pageLoad: 300000, script: 30000}, unhandledPromptBehavior: dismiss and notify, webauthn:extension:credBlob: true, webauthn:extension:largeBlob: true, webauthn:virtualAuthenticators: true}
Session ID: d89e532d25942cd3248ef37e5cde178f
13:54:17.156  INFO  manager.ListenerWD - -------------------------------------------------
13:54:17.156  INFO  manager.ListenerWD - Object targetChromeDriver: chrome on WINDOWS (d89e532d25942cd3248ef37e5cde178f)
13:54:17.156  INFO  manager.ListenerWD - -------------------------------------------------
13:54:17.156  INFO  manager.ListenerWD - Screen with error is----->src/test/screenshots/screen-1533.png
13:54:17.627  INFO  manager.ListenerTNG - onTestFailure---->loginSuccess
13:54:17.637  INFO  manager.ListenerTNG - onFinish---->Gradle test
